<?xml version="1.0" encoding="UTF-8"?>
<testsuite xmlns:xsi="http://www.w3.org/2001/XMLSchema-instance" xsi:noNamespaceSchemaLocation="https://maven.apache.org/surefire/maven-failsafe-plugin/xsd/failsafe-test-report.xsd" name="org.jbpm.process.workitem.camel.karaf.itests.CamelWorkitemIntegrationTest" time="61.674" tests="2" errors="0" skipped="0" failures="0">
  <properties>
[...]
</properties>
  <testcase name="testSingleFileWithHeaders" classname="org.jbpm.process.workitem.camel.karaf.itests.CamelWorkitemIntegrationTest" time="2.364"/>
  <testcase name="testSingleFileProcess" classname="org.jbpm.process.workitem.camel.karaf.itests.CamelWorkitemIntegrationTest" time="0.074"/>
</testsuite>