<?xml version="1.0" encoding="UTF-8"?>
<testsuite xmlns:xsi="http://www.w3.org/2001/XMLSchema-instance" xsi:noNamespaceSchemaLocation="https://maven.apache.org/surefire/maven-surefire-plugin/xsd/surefire-test-report.xsd" name="org.jbpm.process.workitem.ethereum.test.EthereumWorkitemHandlerTest" time="3.341" tests="7" errors="0" skipped="0" failures="0">
  <properties>
[...]
</properties>
  <testcase name="testGetBalance" classname="org.jbpm.process.workitem.ethereum.test.EthereumWorkitemHandlerTest" time="1.798"/>
  <testcase name="testSendEther" classname="org.jbpm.process.workitem.ethereum.test.EthereumWorkitemHandlerTest" time="0.064"/>
  <testcase name="testQueryExistingContract" classname="org.jbpm.process.workitem.ethereum.test.EthereumWorkitemHandlerTest" time="0.062"/>
  <testcase name="testTransactExistingContract" classname="org.jbpm.process.workitem.ethereum.test.EthereumWorkitemHandlerTest" time="0.074"/>
  <testcase name="testDeployContract" classname="org.jbpm.process.workitem.ethereum.test.EthereumWorkitemHandlerTest" time="0.091"/>
  <testcase name="testObserveContractUpdates" classname="org.jbpm.process.workitem.ethereum.test.EthereumWorkitemHandlerTest" time="0.021"/>
  <testcase name="testInvalidParameters" classname="org.jbpm.process.workitem.ethereum.test.EthereumWorkitemHandlerTest" time="0.003"/>
</testsuite>